-------------------------------------------------------------------------------
Test set: MyTest
-------------------------------------------------------------------------------
Tests run: 1, Failures: 0, Errors: 1, Skipped: 0, Time elapsed: 0.008 s <<< FAILURE! - in MyTest
initializationError  Time elapsed: 0.003 s  <<< ERROR!
java.lang.Exception: No runnable methods

